0 info it worked if it ends with ok
1 verbose cli [ 'C:\\Program Files\\nodejs\\node.exe',
1 verbose cli   'C:\\Program Files\\nodejs\\node_modules\\npm\\bin\\npm-cli.js',
1 verbose cli   'run',
1 verbose cli   'server' ]
2 info using npm@3.10.10
3 info using node@v6.9.5
4 verbose run-script [ 'preserver', 'server', 'postserver' ]
5 info lifecycle DemoReactExpress@1.0.0~preserver: DemoReactExpress@1.0.0
6 silly lifecycle DemoReactExpress@1.0.0~preserver: no script for preserver, continuing
7 info lifecycle DemoReactExpress@1.0.0~server: DemoReactExpress@1.0.0
8 verbose lifecycle DemoReactExpress@1.0.0~server: unsafe-perm in lifecycle true
9 verbose lifecycle DemoReactExpress@1.0.0~server: PATH: C:\Users\Dell\AppData\Roaming\nvm\v6.9.5\node_modules\npm\bin\node-gyp-bin;D:\HOC TAP\LAP TRINH WEB 2\DemoReactExpress\node_modules\.bin;C:\Program Files (x86)\Common Files\Oracle\Java\javapath;C:\Program Files\Microsoft MPI\Bin\;C:\ProgramData\Oracle\Java\javapath;C:\WINDOWS\system32;C:\WINDOWS;C:\WINDOWS\System32\Wbem;C:\WINDOWS\System32\WindowsPowerShell\v1.0\;C:\Program Files\Java\jdk-9.0.4\bin;C:\Program Files\Git\cmd;C:\Program Files\dotnet\;C:\Program Files (x86)\Microsoft SQL Server\140\Tools\Binn\;C:\Program Files\Microsoft SQL Server\140\Tools\Binn\;C:\Program Files (x86)\Microsoft SQL Server\140\DTS\Binn\;C:\Program Files\Microsoft SQL Server\140\DTS\Binn\;C:\Program Files\Microsoft SQL Server\Client SDK\ODBC\130\Tools\Binn\;C:\Program Files (x86)\Microsoft SQL Server\Client SDK\ODBC\130\Tools\Binn\;C:\Program Files (x86)\Microsoft SQL Server\140\Tools\Binn\ManagementStudio\;C:\Program Files\Microsoft SQL Server\130\Tools\Binn\;D:\HOC TAP\Putty\;C:\WINDOWS\System32\OpenSSH\;D:\HOC TAP\TortoiseGit\bin;D:\HOC TAP\Maven\apache-maven-3.5.3\bin;C:\Users\Dell\AppData\Roaming\nvm;C:\Program Files\nodejs;C:\Users\Dell\AppData\Local\Microsoft\WindowsApps;C:\Program Files\Microsoft VS Code\bin;C:\Users\Dell\AppData\Roaming\npm;C:\Users\Dell\AppData\Roaming\nvm;C:\Program Files\nodejs;C:\Program Files\Java\jdk1.8.0_171\bin;
10 verbose lifecycle DemoReactExpress@1.0.0~server: CWD: D:\HOC TAP\LAP TRINH WEB 2\DemoReactExpress
11 silly lifecycle DemoReactExpress@1.0.0~server: Args: [ '/d /s /c', 'nodemon server.js' ]
12 verbose stack Error: kill ENOSYS
12 verbose stack     at exports._errnoException (util.js:1022:11)
12 verbose stack     at process.kill (internal/process.js:172:13)
12 verbose stack     at process.listener (C:\Users\Dell\AppData\Roaming\nvm\v6.9.5\node_modules\npm\node_modules\npmlog\node_modules\gauge\node_modules\signal-exit\index.js:86:15)
12 verbose stack     at emitNone (events.js:91:20)
12 verbose stack     at process.emit (events.js:185:7)
12 verbose stack     at processEmit (C:\Users\Dell\AppData\Roaming\nvm\v6.9.5\node_modules\npm\node_modules\npmlog\node_modules\gauge\node_modules\signal-exit\index.js:146:32)
12 verbose stack     at processEmit (C:\Users\Dell\AppData\Roaming\nvm\v6.9.5\node_modules\npm\node_modules\npm-registry-client\node_modules\npmlog\node_modules\gauge\node_modules\signal-exit\index.js:146:32)
12 verbose stack     at Signal.wrap.onsignal (internal/process.js:199:44)
13 verbose cwd D:\HOC TAP\LAP TRINH WEB 2\DemoReactExpress
14 error Windows_NT 10.0.17134
15 error argv "C:\\Program Files\\nodejs\\node.exe" "C:\\Program Files\\nodejs\\node_modules\\npm\\bin\\npm-cli.js" "run" "server"
16 error node v6.9.5
17 error npm  v3.10.10
18 error code ENOSYS
19 error errno ENOSYS
20 error syscall kill
21 error kill ENOSYS
22 error If you need help, you may report this error at:
22 error     <https://github.com/npm/npm/issues>
23 verbose exit [ 1, true ]
